<?xml version="1.0" encoding="UTF-8"?>
<!-- Generated by org.testng.reporters.JUnitXMLReporter -->
<testsuite hostname="RSI1527" name="Default test" tests="2" failures="0" timestamp="17 Jan 2020 19:20:21 GMT" time="17.25" errors="0">
  <testcase name="Pesquisa" time="2.344" classname="br.com.rsinet.hub_tdd.provaTDD.automationFramework.TestePesquisa"/>
  <testcase name="PesquisaErro" time="0.945" classname="br.com.rsinet.hub_tdd.provaTDD.automationFramework.TestePesquisa"/>
</testsuite> <!-- Default test -->
