<?xml version="1.0" encoding="UTF-8"?>
<testng-results skipped="0" failed="0" total="1" passed="1">
  <reporter-output>
  </reporter-output>
  <suite name="Default suite" duration-ms="13889" started-at="2020-01-13T03:01:36Z" finished-at="2020-01-13T03:01:50Z">
    <groups>
    </groups>
    <test name="Default test" duration-ms="13889" started-at="2020-01-13T03:01:36Z" finished-at="2020-01-13T03:01:50Z">
      <class name="br.com.rsinet.hub_tdd.provaTDD.automationFramework.POM_TC">
        <test-method status="PASS" signature="loga()[pri:0, instance:br.com.rsinet.hub_tdd.provaTDD.automationFramework.POM_TC@36d4b5c]" name="loga" duration-ms="13875" started-at="2020-01-13T00:01:36Z" finished-at="2020-01-13T00:01:50Z">
          <reporter-output>
          </reporter-output>
        </test-method> <!-- loga -->
      </class> <!-- br.com.rsinet.hub_tdd.provaTDD.automationFramework.POM_TC -->
    </test> <!-- Default test -->
  </suite> <!-- Default suite -->
</testng-results>
