<?xml version="1.0" encoding="UTF-8"?>
<testng-results skipped="0" failed="0" total="2" passed="2">
  <reporter-output>
    <line>
      <![CDATA[clicando no item da home]]>
    </line>
    <line>
      <![CDATA[ChromeDriver fechado com sucesso.]]>
    </line>
    <line>
      <![CDATA[Teste concluído com sucesso]]>
    </line>
    <line>
      <![CDATA[ChromeDriver fechado com sucesso.]]>
    </line>
    <line>
      <![CDATA[Teste concluído com sucesso]]>
    </line>
  </reporter-output>
  <suite name="Default suite" duration-ms="30962" started-at="2020-01-24T03:19:59Z" finished-at="2020-01-24T03:20:30Z">
    <groups>
    </groups>
    <test name="Default test" duration-ms="30962" started-at="2020-01-24T03:19:59Z" finished-at="2020-01-24T03:20:30Z">
      <class name="br.com.rsinet.hub_tdd.provaTDD.automationFramework.Produto_Home">
        <test-method status="PASS" signature="ClicaProd()[pri:0, instance:br.com.rsinet.hub_tdd.provaTDD.automationFramework.Produto_Home@5e5792a0]" name="ClicaProd" duration-ms="16021" started-at="2020-01-24T00:19:59Z" finished-at="2020-01-24T00:20:15Z">
          <reporter-output>
            <line>
              <![CDATA[clicando no item da home]]>
            </line>
            <line>
              <![CDATA[ChromeDriver fechado com sucesso.]]>
            </line>
            <line>
              <![CDATA[Teste concluído com sucesso]]>
            </line>
          </reporter-output>
        </test-method> <!-- ClicaProd -->
        <test-method status="PASS" signature="ProdutoErrado()[pri:0, instance:br.com.rsinet.hub_tdd.provaTDD.automationFramework.Produto_Home@5e5792a0]" name="ProdutoErrado" duration-ms="14927" started-at="2020-01-24T00:20:15Z" finished-at="2020-01-24T00:20:30Z">
          <reporter-output>
            <line>
              <![CDATA[ChromeDriver fechado com sucesso.]]>
            </line>
            <line>
              <![CDATA[Teste concluído com sucesso]]>
            </line>
          </reporter-output>
        </test-method> <!-- ProdutoErrado -->
      </class> <!-- br.com.rsinet.hub_tdd.provaTDD.automationFramework.Produto_Home -->
    </test> <!-- Default test -->
  </suite> <!-- Default suite -->
</testng-results>
